  main.cpp
C:\vcpkg\installed\x64-windows\include\raygui.h(2654,46): warning C4267: '=': conversion from 'size_t' to 'int', possible loss of data
  (compiling source file 'main.cpp')
  
C:\vcpkg\installed\x64-windows\include\raygui.h(2833,5): warning C4996: 'sprintf': This function or variable may be unsafe. Consider using sprintf_s instead. To disable deprecation, use _CRT_SECURE_NO_WARNINGS. See online help for details.
  (compiling source file 'main.cpp')
  
C:\vcpkg\installed\x64-windows\include\raygui.h(3970,21): warning C4996: 'fopen': This function or variable may be unsafe. Consider using fopen_s instead. To disable deprecation, use _CRT_SECURE_NO_WARNINGS. See online help for details.
  (compiling source file 'main.cpp')
  
C:\vcpkg\installed\x64-windows\include\raygui.h(3991,25): warning C4996: 'sscanf': This function or variable may be unsafe. Consider using sscanf_s instead. To disable deprecation, use _CRT_SECURE_NO_WARNINGS. See online help for details.
  (compiling source file 'main.cpp')
  
C:\vcpkg\installed\x64-windows\include\raygui.h(4002,25): warning C4996: 'sscanf': This function or variable may be unsafe. Consider using sscanf_s instead. To disable deprecation, use _CRT_SECURE_NO_WARNINGS. See online help for details.
  (compiling source file 'main.cpp')
  
C:\vcpkg\installed\x64-windows\include\raygui.h(4052,19): warning C4996: 'fopen': This function or variable may be unsafe. Consider using fopen_s instead. To disable deprecation, use _CRT_SECURE_NO_WARNINGS. See online help for details.
  (compiling source file 'main.cpp')
  
C:\vcpkg\installed\x64-windows\include\raygui.h(4193,9): warning C4996: 'sprintf': This function or variable may be unsafe. Consider using sprintf_s instead. To disable deprecation, use _CRT_SECURE_NO_WARNINGS. See online help for details.
  (compiling source file 'main.cpp')
  
C:\vcpkg\installed\x64-windows\include\raygui.h(4205,9): warning C4996: 'sprintf': This function or variable may be unsafe. Consider using sprintf_s instead. To disable deprecation, use _CRT_SECURE_NO_WARNINGS. See online help for details.
  (compiling source file 'main.cpp')
  
C:\vcpkg\installed\x64-windows\include\raygui.h(4246,21): warning C4996: 'fopen': This function or variable may be unsafe. Consider using fopen_s instead. To disable deprecation, use _CRT_SECURE_NO_WARNINGS. See online help for details.
  (compiling source file 'main.cpp')
  
  Bronny's Room Client.vcxproj -> C:\Users\jaxdr\OneDrive - Conestoga College\School\BCS\Y2S2 ---\Project 4\Project4-Section1Group2\Client\x64\Debug\Bronny's Room Client.exe
